<?xml version="1.0" encoding="UTF-8"?>
<!-- Generated by org.testng.reporters.JUnitReportReporter -->
<testsuite hostname="Lenovo" failures="0" tests="11" name="TestNG.TestNG_Attributes" time="69.061" errors="0" timestamp="2024-05-27T14:13:16 IST" skipped="0">
  <testcase classname="TestNG.TestNG_Attributes" name="First" time="0.044"/>
  <system-out/>
  <testcase classname="TestNG.TestNG_Attributes" name="loginToLetShop" time="68.936"/>
  <system-out/>
  <testcase classname="TestNG.TestNG_Attributes" name="Second" time="0.005"/>
  <system-out/>
  <testcase classname="TestNG.TestNG_Attributes" name="Second" time="0.002"/>
  <system-out/>
  <testcase classname="TestNG.TestNG_Attributes" name="Second" time="0.006"/>
  <system-out/>
  <testcase classname="TestNG.TestNG_Attributes" name="Second" time="0.013"/>
  <system-out/>
  <testcase classname="TestNG.TestNG_Attributes" name="Second" time="0.012"/>
  <system-out/>
  <testcase classname="TestNG.TestNG_Attributes" name="Second" time="0.006"/>
  <system-out/>
  <testcase classname="TestNG.TestNG_Attributes" name="Second" time="0.015"/>
  <system-out/>
  <testcase classname="TestNG.TestNG_Attributes" name="Third" time="0.013"/>
  <system-out/>
  <testcase classname="TestNG.TestNG_Attributes" name="Fourth" time="0.009"/>
  <system-out/>
</testsuite> <!-- TestNG.TestNG_Attributes -->
