<?xml version="1.0" encoding="UTF-8"?>
<!-- Generated by org.testng.reporters.JUnitReportReporter -->
<testsuite hostname="Lenovo" failures="0" tests="1" name="demo.ListenerDemoTest" time="9.006" errors="0" timestamp="2024-06-12T07:15:01 IST" skipped="0">
  <testcase classname="demo.ListenerDemoTest" name="LaunchApp" time="9.006"/>
  <system-out/>
</testsuite> <!-- demo.ListenerDemoTest -->
